12:51:32.854
[a-14e7382adb67] - [3A90C2AE0311F0B13916564E8BE448BF] [INFO ] - Try Send Message ZaapId[3AA7A6AA8AA2408AA0422AF950E5DB6E]
12:51:34.385
[a-14e7382adb67] - [3A90C2AE0311F0B13916564E8BE448BF] [INFO ] - Message sent ZaapId[3AA7A6AA8AA2408AA0422AF950E5DB6E] MessageId[CC8AC7750B9D8CE988CC] Phone[5511970985919]
12:52:36.859
[a-14e7382adb67] - [3A90C2AE0311F0B13916564E8BE448BF] [INFO ] - Try Send Message ZaapId[3AA7A6D08EB0807CFC1ADAE6D510C4C7]
12:52:38.014
[a-14e7382adb67] - [3A90C2AE0311F0B13916564E8BE448BF] [INFO ] - Message sent ZaapId[3AA7A6D08EB0807CFC1ADAE6D510C4C7] MessageId[CAEB4129C637C48A52E7] Phone[5511999128525]
12:53:32.863
[a-14e7382adb67] - [3A90C2AE0311F0B13916564E8BE448BF] [INFO ] - Try Send Message ZaapId[3AA7A6F1BBE250E99043765045810423]
12:53:34.162
[a-14e7382adb67] - [3A90C2AE0311F0B13916564E8BE448BF] [INFO ] - Message sent ZaapId[3AA7A6F1BBE250E99043765045810423] MessageId[FA638FB9E33257BFE630] Phone[5511941429484]
12:54:34.865
[a-14e7382adb67] - [3A90C2AE0311F0B13916564E8BE448BF] [INFO ] - Try Send Message ZaapId[3AA7A717ACDDC0267FAF2612F33C75D4]
12:54:36.196
[a-14e7382adb67] - [3A90C2AE0311F0B13916564E8BE448BF] [INFO ] - Message sent ZaapId[3AA7A717ACDDC0267FAF2612F33C75D4] MessageId[9BD0ADD9D6C1E1B43763] Phone[5511982770502]
12:55:33.064
[a-14e7382adb67] - [3A90C2AE0311F0B13916564E8BE448BF] [INFO ] - Try Send Message ZaapId[3AA7A73964EA709169FD2AF950E5DB6E]
12:55:34.338
[a-14e7382adb67] - [3A90C2AE0311F0B13916564E8BE448BF] [INFO ] - Message sent ZaapId[3AA7A73964EA709169FD2AF950E5DB6E] MessageId[3138037143F7E89979B7] Phone[5511976409849]
12:56:35.129
[a-14e7382adb67] - [3A90C2AE0311F0B13916564E8BE448BF] [INFO ] - Try Send Message ZaapId[3AA7A75F4BD3C0EAC8BEDAE6D510C4C7]
12:56:36.922
[a-14e7382adb67] - [3A90C2AE0311F0B13916564E8BE448BF] [INFO ] - Message sent ZaapId[3AA7A75F4BD3C0EAC8BEDAE6D510C4C7] MessageId[3B29E7E1B26E1B7D37C0] Phone[5511982530908]
12:57:33.623
[a-14e7382adb67] - [3A90C2AE0311F0B13916564E8BE448BF] [INFO ] - Try Send Message ZaapId[3AA7A78245883036B8F2F6DCC05D57B0]
12:57:34.789
[a-14e7382adb67] - [3A90C2AE0311F0B13916564E8BE448BF] [INFO ] - Message sent ZaapId[3AA7A78245883036B8F2F6DCC05D57B0] MessageId[BC455B749881176A2A25] Phone[5511958304573]
12:58:31.634
[a-14e7382adb67] - [3A90C2AE0311F0B13916564E8BE448BF] [INFO ] - Try Send Message ZaapId[3AA7A7A49E1AA096A19E8A4677950665]
12:58:33.025
[a-14e7382adb67] - [3A90C2AE0311F0B13916564E8BE448BF] [INFO ] - Message sent ZaapId[3AA7A7A49E1AA096A19E8A4677950665] MessageId[D6C9F3CC21287518C69F] Phone[5511970952900]
12:59:35.642
[a-14e7382adb67] - [3A90C2AE0311F0B13916564E8BE448BF] [INFO ] - Try Send Message ZaapId[3AA7A7CA9BE750552BAAB69B21F669A8]
12:59:36.808
[a-14e7382adb67] - [3A90C2AE0311F0B13916564E8BE448BF] [INFO ] - Message sent ZaapId[3AA7A7CA9BE750552BAAB69B21F669A8] MessageId[9A4A13288CF927707D6E] Phone[5511962095868]
13:00:33.649
[a-14e7382adb67] - [3A90C2AE0311F0B13916564E8BE448BF] [INFO ] - Try Send Message ZaapId[3AA7A7ED92677055705D52ED753A2B25]
13:00:35.073
[a-14e7382adb67] - [3A90C2AE0311F0B13916564E8BE448BF] [INFO ] - Message sent ZaapId[3AA7A7ED92677055705D52ED753A2B25] MessageId[3F23FA48AF8EFC7F272B] Phone[5511973324165]
13:01:31.693
[a-14e7382adb67] - [3A90C2AE0311F0B13916564E8BE448BF] [INFO ] - Try Send Message ZaapId[3AA7A80FF50C00D378330A4AD2F18475]
13:01:32.897
[a-14e7382adb67] - [3A90C2AE0311F0B13916564E8BE448BF] [INFO ] - Message sent ZaapId[3AA7A80FF50C00D378330A4AD2F18475] MessageId[12593567D892A95A5A8B] Phone[5511975346854]
13:08:38.128
[a-14e7382adb67] - [3A90C2AE0311F0B13916564E8BE448BF] [INFO ] - Try Send Message ZaapId[3AA7A90D493070E84EAFAA808CE02195]
13:08:40.557
[a-14e7382adb67] - [3A90C2AE0311F0B13916564E8BE448BF] [INFO ] - Message sent ZaapId[3AA7A90D493070E84EAFAA808CE02195] MessageId[F69B034234D060E27C4E] Phone[5511952982249]
13:09:40.164
[a-14e7382adb67] - [3A90C2AE0311F0B13916564E8BE448BF] [INFO ] - Try Send Message ZaapId[3AA7A9329C1720523BDCF6DCC05D57B0]
13:09:42.132
[a-14e7382adb67] - [3A90C2AE0311F0B13916564E8BE448BF] [INFO ] - Message sent ZaapId[3AA7A9329C1720523BDCF6DCC05D57B0] MessageId[186F72C2FD1D27E6C266] Phone[5511999507788]
13:10:40.168
[a-14e7382adb67] - [3A90C2AE0311F0B13916564E8BE448BF] [INFO ] - Try Send Message ZaapId[3AA7A95647B6703498A6224A89ED5AF2]
13:10:41.847
[a-14e7382adb67] - [3A90C2AE0311F0B13916564E8BE448BF] [INFO ] - Message sent ZaapId[3AA7A95647B6703498A6224A89ED5AF2] MessageId[13CF4089D0B06EC13D57] Phone[5511981218991]
13:11:36.174
[a-14e7382adb67] - [3A90C2AE0311F0B13916564E8BE448BF] [INFO ] - Try Send Message ZaapId[3AA7A97800D490D0E4B3BE4CB3650C0A]
13:11:38.145
[a-14e7382adb67] - [3A90C2AE0311F0B13916564E8BE448BF] [INFO ] - Message sent ZaapId[3AA7A97800D490D0E4B3BE4CB3650C0A] MessageId[17F548490DDB71E300D7] Phone[5511984864122]
13:12:40.212
[a-14e7382adb67] - [3A90C2AE0311F0B13916564E8BE448BF] [INFO ] - Try Send Message ZaapId[3AA7A99D7F38109C4E804A1CBFBB360A]
13:12:41.981
[a-14e7382adb67] - [3A90C2AE0311F0B13916564E8BE448BF] [INFO ] - Message sent ZaapId[3AA7A99D7F38109C4E804A1CBFBB360A] MessageId[1319B9B8C2E57F42244F] Phone[5511988859355]
13:13:39.233
[a-14e7382adb67] - [3A90C2AE0311F0B13916564E8BE448BF] [INFO ] - Solicitando Retry para From[5511980440089] MessageId[68BE700C1F278F9CD9AB679155FDD763] RetryCount[1]
13:13:39.233
[a-14e7382adb67] - [3A90C2AE0311F0B13916564E8BE448BF] [INFO ] - Recebido Mensagem como "Unavailable" Phone[5511980440089] MessageId[68BE700C1F278F9CD9AB679155FDD763]
13:13:40.220
[a-14e7382adb67] - [3A90C2AE0311F0B13916564E8BE448BF] [INFO ] - Try Send Message ZaapId[3AA7A9C21E11009C50DA9E6149F9CB16]
13:13:40.468
[a-14e7382adb67] - [3A90C2AE0311F0B13916564E8BE448BF] [INFO ] - Mensagem foi recuperada MessageId[68BE700C1F278F9CD9AB679155FDD763]
13:13:42.190
[a-14e7382adb67] - [3A90C2AE0311F0B13916564E8BE448BF] [INFO ] - Message sent ZaapId[3AA7A9C21E11009C50DA9E6149F9CB16] MessageId[AC6ADD5C13AD92678817] Phone[5511980747239]
13:14:38.228
[a-14e7382adb67] - [3A90C2AE0311F0B13916564E8BE448BF] [INFO ] - Try Send Message ZaapId[3AA7A9E4F60CA012C9FACE04CB536568]
13:14:39.900
[a-14e7382adb67] - [3A90C2AE0311F0B13916564E8BE448BF] [INFO ] - Message sent ZaapId[3AA7A9E4F60CA012C9FACE04CB536568] MessageId[E400B188AA08B3188755] Phone[5511971121444]
13:15:40.270
[a-14e7382adb67] - [3A90C2AE0311F0B13916564E8BE448BF] [INFO ] - Try Send Message ZaapId[3AA7AA09D1A070C9E669BE7B0B2FCF1B]
13:15:42.063
[a-14e7382adb67] - [3A90C2AE0311F0B13916564E8BE448BF] [INFO ] - Message sent ZaapId[3AA7AA09D1A070C9E669BE7B0B2FCF1B] MessageId[47698C845A18DFADBFC7] Phone[5511988546732]
13:16:36.278
[a-14e7382adb67] - [3A90C2AE0311F0B13916564E8BE448BF] [INFO ] - Try Send Message ZaapId[3AA7AA2B3F5DB0BB63DEAAEA5B28F48C]
13:16:38.239
[a-14e7382adb67] - [3A90C2AE0311F0B13916564E8BE448BF] [INFO ] - Message sent ZaapId[3AA7AA2B3F5DB0BB63DEAAEA5B28F48C] MessageId[89848EEB1669CE022EA5] Phone[5511977516578]
13:17:40.280
[a-14e7382adb67] - [3A90C2AE0311F0B13916564E8BE448BF] [INFO ] - Try Send Message ZaapId[3AA7AA50D540D0CDBEFF2A6253A30A50]
13:17:41.943
[a-14e7382adb67] - [3A90C2AE0311F0B13916564E8BE448BF] [INFO ] - Message sent ZaapId[3AA7AA50D540D0CDBEFF2A6253A30A50] MessageId[0CBE3B9361E2C2801D74] Phone[5511972414918]